00:39:58:774 [ALWAYS]	GUDE Logging Started
00:39:58:774 [INFO]	SqliteResumeCache::SqliteResumeCache basedirectory is null/empty
00:39:58:775 [ERROR]	SqliteResumeCache::CreateSqliteResumeCache creating resume cache pointer failure
00:39:58:775 [ERROR]	Initialize resume cache pointer failure
00:39:58:775 [INFO]	gude policy POLICY_USER limit (2,2,1) chunk 2097152, chunking (UL 0 DL 1), resXfer 1, adapt 0, NSURL 0, timeout 86400 
00:39:58:775 [INFO]	Initialized -- gude-lib version: v0.12.1 app: gude
00:40:10:700 [WARN]	Ignoring attempt to reinit logging to \gude at level 4 retaining 3 days of logs
00:40:10:701 [INFO]	SqliteResumeCache::SqliteResumeCache basedirectory is null/empty
00:40:10:701 [ERROR]	SqliteResumeCache::CreateSqliteResumeCache creating resume cache pointer failure
00:40:10:701 [ERROR]	Initialize resume cache pointer failure
00:40:10:701 [INFO]	gude policy POLICY_USER limit (4,4,1) chunk 2097152, chunking (UL 0 DL 1), resXfer 1, adapt 0, NSURL 1, timeout 86400 
00:40:10:701 [INFO]	Initialized -- gude-lib version: v0.12.1 app: gude
00:48:08:533 [ALWAYS]	GUDE Logging Started
00:48:08:534 [INFO]	SqliteResumeCache::SqliteResumeCache basedirectory is null/empty
00:48:08:534 [ERROR]	SqliteResumeCache::CreateSqliteResumeCache creating resume cache pointer failure
00:48:08:534 [ERROR]	Initialize resume cache pointer failure
00:48:08:534 [INFO]	gude policy POLICY_USER limit (2,2,1) chunk 2097152, chunking (UL 0 DL 1), resXfer 1, adapt 0, NSURL 0, timeout 86400 
00:48:08:534 [INFO]	Initialized -- gude-lib version: v0.12.1 app: gude
00:48:12:119 [WARN]	Ignoring attempt to reinit logging to \gude at level 4 retaining 3 days of logs
00:48:12:119 [INFO]	SqliteResumeCache::SqliteResumeCache basedirectory is null/empty
00:48:12:119 [ERROR]	SqliteResumeCache::CreateSqliteResumeCache creating resume cache pointer failure
00:48:12:119 [ERROR]	Initialize resume cache pointer failure
00:48:12:120 [INFO]	gude policy POLICY_USER limit (4,4,1) chunk 2097152, chunking (UL 0 DL 1), resXfer 1, adapt 0, NSURL 1, timeout 86400 
00:48:12:120 [INFO]	Initialized -- gude-lib version: v0.12.1 app: gude
