23:01:03:011 [ALWAYS]	GUDE Logging Started
23:01:03:012 [INFO]	SqliteResumeCache::SqliteResumeCache basedirectory is null/empty
23:01:03:012 [ERROR]	SqliteResumeCache::CreateSqliteResumeCache creating resume cache pointer failure
23:01:03:012 [ERROR]	Initialize resume cache pointer failure
23:01:03:012 [INFO]	gude policy POLICY_USER limit (2,2,1) chunk 2097152, chunking (UL 0 DL 1), resXfer 1, adapt 0, NSURL 0, timeout 86400 
23:01:03:012 [INFO]	Initialized -- gude-lib version: v0.12.1 app: gude
23:01:06:520 [WARN]	Ignoring attempt to reinit logging to \gude at level 4 retaining 3 days of logs
23:01:06:520 [INFO]	SqliteResumeCache::SqliteResumeCache basedirectory is null/empty
23:01:06:520 [ERROR]	SqliteResumeCache::CreateSqliteResumeCache creating resume cache pointer failure
23:01:06:520 [ERROR]	Initialize resume cache pointer failure
23:01:06:520 [INFO]	gude policy POLICY_USER limit (4,4,1) chunk 2097152, chunking (UL 0 DL 1), resXfer 1, adapt 0, NSURL 1, timeout 86400 
23:01:06:520 [INFO]	Initialized -- gude-lib version: v0.12.1 app: gude
23:41:06:976 [ALWAYS]	GUDE Logging Started
23:41:06:977 [INFO]	SqliteResumeCache::SqliteResumeCache basedirectory is null/empty
23:41:06:977 [ERROR]	SqliteResumeCache::CreateSqliteResumeCache creating resume cache pointer failure
23:41:06:977 [ERROR]	Initialize resume cache pointer failure
23:41:06:977 [INFO]	gude policy POLICY_USER limit (2,2,1) chunk 2097152, chunking (UL 0 DL 1), resXfer 1, adapt 0, NSURL 0, timeout 86400 
23:41:06:977 [INFO]	Initialized -- gude-lib version: v0.12.1 app: gude
23:41:10:052 [WARN]	Ignoring attempt to reinit logging to \gude at level 4 retaining 3 days of logs
23:41:10:052 [INFO]	SqliteResumeCache::SqliteResumeCache basedirectory is null/empty
23:41:10:052 [ERROR]	SqliteResumeCache::CreateSqliteResumeCache creating resume cache pointer failure
23:41:10:052 [ERROR]	Initialize resume cache pointer failure
23:41:10:052 [INFO]	gude policy POLICY_USER limit (4,4,1) chunk 2097152, chunking (UL 0 DL 1), resXfer 1, adapt 0, NSURL 1, timeout 86400 
23:41:10:052 [INFO]	Initialized -- gude-lib version: v0.12.1 app: gude
