00:36:47:421 [ALWAYS]	GUDE Logging Started
00:36:47:422 [INFO]	SqliteResumeCache::SqliteResumeCache basedirectory is null/empty
00:36:47:422 [ERROR]	SqliteResumeCache::CreateSqliteResumeCache creating resume cache pointer failure
00:36:47:422 [ERROR]	Initialize resume cache pointer failure
00:36:47:422 [INFO]	gude policy POLICY_USER limit (2,2,1) chunk 2097152, chunking (UL 0 DL 1), resXfer 1, adapt 0, NSURL 0, timeout 86400 
00:36:47:422 [INFO]	Initialized -- gude-lib version: v0.12.1 app: gude
00:36:51:584 [WARN]	Ignoring attempt to reinit logging to \gude at level 4 retaining 3 days of logs
00:36:51:584 [INFO]	SqliteResumeCache::SqliteResumeCache basedirectory is null/empty
00:36:51:584 [ERROR]	SqliteResumeCache::CreateSqliteResumeCache creating resume cache pointer failure
00:36:51:585 [ERROR]	Initialize resume cache pointer failure
00:36:51:585 [INFO]	gude policy POLICY_USER limit (4,4,1) chunk 2097152, chunking (UL 0 DL 1), resXfer 1, adapt 0, NSURL 1, timeout 86400 
00:36:51:585 [INFO]	Initialized -- gude-lib version: v0.12.1 app: gude
00:42:42:606 [ALWAYS]	GUDE Logging Started
00:42:42:606 [INFO]	SqliteResumeCache::SqliteResumeCache basedirectory is null/empty
00:42:42:606 [ERROR]	SqliteResumeCache::CreateSqliteResumeCache creating resume cache pointer failure
00:42:42:606 [ERROR]	Initialize resume cache pointer failure
00:42:42:606 [INFO]	gude policy POLICY_USER limit (2,2,1) chunk 2097152, chunking (UL 0 DL 1), resXfer 1, adapt 0, NSURL 0, timeout 86400 
00:42:42:607 [INFO]	Initialized -- gude-lib version: v0.12.1 app: gude
00:42:45:809 [WARN]	Ignoring attempt to reinit logging to \gude at level 4 retaining 3 days of logs
00:42:45:809 [INFO]	SqliteResumeCache::SqliteResumeCache basedirectory is null/empty
00:42:45:809 [ERROR]	SqliteResumeCache::CreateSqliteResumeCache creating resume cache pointer failure
00:42:45:809 [ERROR]	Initialize resume cache pointer failure
00:42:45:809 [INFO]	gude policy POLICY_USER limit (4,4,1) chunk 2097152, chunking (UL 0 DL 1), resXfer 1, adapt 0, NSURL 1, timeout 86400 
00:42:45:809 [INFO]	Initialized -- gude-lib version: v0.12.1 app: gude
00:55:28:670 [ALWAYS]	GUDE Logging Started
00:55:28:670 [INFO]	SqliteResumeCache::SqliteResumeCache basedirectory is null/empty
00:55:28:670 [ERROR]	SqliteResumeCache::CreateSqliteResumeCache creating resume cache pointer failure
00:55:28:670 [ERROR]	Initialize resume cache pointer failure
00:55:28:670 [INFO]	gude policy POLICY_USER limit (2,2,1) chunk 2097152, chunking (UL 0 DL 1), resXfer 1, adapt 0, NSURL 0, timeout 86400 
00:55:28:670 [INFO]	Initialized -- gude-lib version: v0.12.1 app: gude
00:55:32:248 [WARN]	Ignoring attempt to reinit logging to \gude at level 4 retaining 3 days of logs
00:55:32:248 [INFO]	SqliteResumeCache::SqliteResumeCache basedirectory is null/empty
00:55:32:248 [ERROR]	SqliteResumeCache::CreateSqliteResumeCache creating resume cache pointer failure
00:55:32:248 [ERROR]	Initialize resume cache pointer failure
00:55:32:248 [INFO]	gude policy POLICY_USER limit (4,4,1) chunk 2097152, chunking (UL 0 DL 1), resXfer 1, adapt 0, NSURL 1, timeout 86400 
00:55:32:248 [INFO]	Initialized -- gude-lib version: v0.12.1 app: gude
